     1                                  ; this code uses files
     2                                  bits 32
     3                                  
     4                                  global start
     5                                  
     6                                  extern exit, fread, fprintf, scanf, printf, fopen, fclose
     7                                  import exit msvcrt.dll
     8                                  import fread msvcrt.dll
     9                                  import fprintf msvcrt.dll
    10                                  import scanf msvcrt.dll
    11                                  import printf msvcrt.dll
    12                                  import fopen msvcrt.dll
    13                                  import fclose msvcrt.dll
    14                                  
    15                                  segment data use32 class=data
    16 00000000 00000000                    n dd 0
    17 00000004 746578742E74787400          file_name_r db "text.txt", 0
    18 0000000D 616E612E74787400            file_name_w db "ana.txt", 0    
    19 00000015 7200                        access_mode_r db "r", 0
    20 00000017 7700                        access_mode_w db "w", 0
    21 00000019 FFFFFFFF                    file_descriptor dd -1
    22                                      
    23                                      len equ 100
    24 0000001D 00<rept>                    text times (len+1) db 0
    25 00000082 636861722072656164-         format_m db "char read :%d, text is: %s", 0
    25 0000008B 203A25642C20746578-
    25 00000094 742069733A20257300 
    26 0000009D 256400                      format_d db "%d", 0
    27                                  
    28                                  segment code use32 class=code
    29                                      start:
    30 00000000 68[15000000]                push dword access_mode_r
    31 00000005 68[04000000]                push dword file_name_r
    32 0000000A FF15[00000000]              call [fopen]
    33 00000010 83C408                      add esp, 4*2
    34                                      
    35 00000013 A3[19000000]                mov [file_descriptor], eax
    36 00000018 83F800                      cmp eax, 0
    37 0000001B 7471                        je final
    38                                      
    39 0000001D FF35[19000000]              push dword [file_descriptor]
    40 00000023 6A64                        push dword len
    41 00000025 6A01                        push dword 1
    42 00000027 68[1D000000]                push dword text
    43 0000002C 68[9D000000]                push dword format_d
    44 00000031 FF15[00000000]              call [fread]
    45 00000037 83C414                      add esp, 4*5
    46                                      
    47 0000003A 60                          pushad
    48                                      
    49 0000003B FF35[19000000]              push dword [file_descriptor]
    50 00000041 FF15[00000000]              call [fclose]
    51 00000047 83C404                      add esp, 4
    52                                      
    53 0000004A 68[17000000]                push dword access_mode_w
    54 0000004F 68[0D000000]                push dword file_name_w
    55 00000054 FF15[00000000]              call [fopen]
    56 0000005A 83C408                      add esp, 4*2
    57                                      
    58 0000005D A3[19000000]                mov [file_descriptor], eax
    59 00000062 83F800                      cmp eax, 0
    60 00000065 7427                        je final
    61                                      
    62 00000067 61                          popad
    63 00000068 FF35[1D000000]              push dword [text]
    64 0000006E 68[9D000000]                push dword format_d
    65 00000073 FF35[19000000]              push dword [file_descriptor]
    66 00000079 FF15[00000000]              call [fprintf]
    67 0000007F 83C410                      add esp, 4*4
    68                                      
    69 00000082 FF35[19000000]              push dword [file_descriptor]
    70 00000088 FF15[00000000]              call [fclose]   
    71                                      
    72                                  
    73                                      final:
    74 0000008E 6A00                        push dword 0
    75 00000090 FF15[00000000]              call [exit]
